Using pre-set license
Built from 'master' branch; Version is '2020.3.36f1 (71f96b79b9f0) revision 7469419'; Using compiler version '192528614'; Build Type 'Release'
OS: 'Windows 10  (10.0.19044) 64bit Core' Language: 'fr' Physical Memory: 16268 MB
BatchMode: 1, IsHumanControllingUs: 0, StartBugReporterOnCrash: 0, Is64bit: 1, IsPro: 0

COMMAND LINE ARGUMENTS:
C:\Program Files\Unity\2020.3.36f1\Editor\Unity.exe
-adb2
-batchMode
-noUpm
-name
AssetImportWorker0
-projectPath
D:/Documents/Programmation/Unity/GMTK2022_RollTheDice
-logFile
Logs/AssetImportWorker0.log
-srvPort
51161
Successfully changed project path to: D:/Documents/Programmation/Unity/GMTK2022_RollTheDice
D:/Documents/Programmation/Unity/GMTK2022_RollTheDice
Using Asset Import Pipeline V2.
Refreshing native plugins compatible for Editor in 57.58 ms, found 2 plugins.
Preloading 0 native plugins for Editor in 0.00 ms.
Initialize engine version: 2020.3.36f1 (71f96b79b9f0)
[Subsystems] Discovering subsystems at path C:/Program Files/Unity/2020.3.36f1/Editor/Data/Resources/UnitySubsystems
[Subsystems] Discovering subsystems at path D:/Documents/Programmation/Unity/GMTK2022_RollTheDice/Assets
GfxDevice: creating device client; threaded=0
Direct3D:
    Version:  Direct3D 11.0 [level 11.1]
    Renderer: NVIDIA GeForce GTX 1660 (ID=0x2184)
    Vendor:   
    VRAM:     5991 MB
    Driver:   30.0.14.9676
Initialize mono
Mono path[0] = 'C:/Program Files/Unity/2020.3.36f1/Editor/Data/Managed'
Mono path[1] = 'C:/Program Files/Unity/2020.3.36f1/Editor/Data/MonoBleedingEdge/lib/mono/unityjit'
Mono config path = 'C:/Program Files/Unity/2020.3.36f1/Editor/Data/MonoBleedingEdge/etc'
Using monoOptions --debugger-agent=transport=dt_socket,embedding=1,server=y,suspend=n,address=127.0.0.1:56712
Begin MonoManager ReloadAssembly
Registering precompiled unity dll's ...
Register platform support module: C:/Program Files/Unity/2020.3.36f1/Editor/Data/PlaybackEngines/WindowsStandaloneSupport/UnityEditor.WindowsStandalone.Extensions.dll
Registered in 0.001980 seconds.
Native extension for WindowsStandalone target not found
Refreshing native plugins compatible for Editor in 53.91 ms, found 2 plugins.
Preloading 0 native plugins for Editor in 0.00 ms.
Mono: successfully reloaded assembly
- Completed reload, in  0.654 seconds
Domain Reload Profiling:
	ReloadAssembly (654ms)
		BeginReloadAssembly (70ms)
			ExecutionOrderSort (0ms)
			DisableScriptedObjects (0ms)
			BackupInstance (0ms)
			ReleaseScriptingObjects (0ms)
			CreateAndSetChildDomain (1ms)
		EndReloadAssembly (501ms)
			LoadAssemblies (67ms)
			RebuildTransferFunctionScriptingTraits (0ms)
			SetupTypeCache (159ms)
			ReleaseScriptCaches (0ms)
			RebuildScriptCaches (38ms)
			SetupLoadedEditorAssemblies (197ms)
				LogAssemblyErrors (0ms)
				InitializePlatformSupportModulesInManaged (5ms)
				SetLoadedEditorAssemblies (0ms)
				RefreshPlugins (54ms)
				BeforeProcessingInitializeOnLoad (18ms)
				ProcessInitializeOnLoadAttributes (89ms)
				ProcessInitializeOnLoadMethodAttributes (30ms)
				AfterProcessingInitializeOnLoad (0ms)
				EditorAssembliesLoaded (0ms)
			ExecutionOrderSort2 (0ms)
			AwakeInstancesAfterBackupRestoration (0ms)
Platform modules already initialized, skipping
Registering precompiled user dll's ...
Registered in 0.006190 seconds.
Begin MonoManager ReloadAssembly
Native extension for WindowsStandalone target not found
Refreshing native plugins compatible for Editor in 55.77 ms, found 2 plugins.
Preloading 0 native plugins for Editor in 0.00 ms.
Mono: successfully reloaded assembly
- Completed reload, in  1.266 seconds
Domain Reload Profiling:
	ReloadAssembly (1266ms)
		BeginReloadAssembly (168ms)
			ExecutionOrderSort (0ms)
			DisableScriptedObjects (5ms)
			BackupInstance (0ms)
			ReleaseScriptingObjects (0ms)
			CreateAndSetChildDomain (22ms)
		EndReloadAssembly (1032ms)
			LoadAssemblies (112ms)
			RebuildTransferFunctionScriptingTraits (0ms)
			SetupTypeCache (322ms)
			ReleaseScriptCaches (1ms)
			RebuildScriptCaches (60ms)
			SetupLoadedEditorAssemblies (408ms)
				LogAssemblyErrors (0ms)
				InitializePlatformSupportModulesInManaged (4ms)
				SetLoadedEditorAssemblies (0ms)
				RefreshPlugins (56ms)
				BeforeProcessingInitializeOnLoad (114ms)
				ProcessInitializeOnLoadAttributes (210ms)
				ProcessInitializeOnLoadMethodAttributes (16ms)
				AfterProcessingInitializeOnLoad (6ms)
				EditorAssembliesLoaded (0ms)
			ExecutionOrderSort2 (0ms)
			AwakeInstancesAfterBackupRestoration (2ms)
Platform modules already initialized, skipping
========================================================================
Worker process is ready to serve import requests
Launched and connected shader compiler UnityShaderCompiler.exe after 0.05 seconds
Refreshing native plugins compatible for Editor in 0.53 ms, found 2 plugins.
Preloading 0 native plugins for Editor in 0.00 ms.
Unloading 2819 Unused Serialized files (Serialized files now loaded: 0)
System memory in use before: 127.5 MB.
System memory in use after: 127.6 MB.

Unloading 17 unused Assets to reduce memory usage. Loaded Objects now: 3253.
Total: 3.108500 ms (FindLiveObjects: 0.314300 ms CreateObjectMapping: 0.121800 ms MarkObjects: 2.562600 ms  DeleteObjects: 0.109100 ms)

AssetImportParameters requested are different than current active one (requested -> active):
  custom:framework-win-MediaFoundation: 216162199b28c13a410421893ffa2e32 -> 
  custom:video-decoder-ogg-theora: a1e56fd34408186e4bbccfd4996cb3dc -> 
  custom:container-muxer-webm: aa71ff27fc2769a1b78a27578f13a17b -> 
  custom:container-demuxer-webm: 4f35f7cbe854078d1ac9338744f61a02 -> 
  custom:container-demuxer-ogg: 62fdf1f143b41e24485cea50d1cbac27 -> 
  custom:video-encoder-webm-vp8: eb34c28f22e8b96e1ab97ce403110664 -> 
  custom:video-codec-MediaFoundation-h265: 746d11721c4dcdbdad8f713fa42b33f4 -> 
  custom:video-decoder-webm-vp8: 9c59270c3fd7afecdb556c50c9e8de78 -> 
  custom:audio-decoder-ogg-vorbis: bf7c407c2cedff20999df2af8eb42d56 -> 
  custom:audio-encoder-webm-vorbis: bf7c407c2cedff20999df2af8eb42d56 -> 
========================================================================
Received Import Request.
  path: Assets
  artifactKey: Guid(00000000000000001000000000000000) Importer(815301076,1909f56bfc062723c751e8b465ee728b)
Start importing Assets using Guid(00000000000000001000000000000000) Importer(815301076,1909f56bfc062723c751e8b465ee728b)  -> (artifact id: '42d402b061de3733987d63b9cc3b64de') in 0.009992 seconds 
========================================================================
Received Import Request.
  Time since last request: 1.650461 seconds.
  path: Assets/Character
  artifactKey: Guid(ccbf7eeace81c704292df0cb9a0aeeaf) Importer(815301076,1909f56bfc062723c751e8b465ee728b)
Start importing Assets/Character using Guid(ccbf7eeace81c704292df0cb9a0aeeaf) Importer(815301076,1909f56bfc062723c751e8b465ee728b)  -> (artifact id: '6d1f123976e15ff7de27a2399a2c1eb8') in 0.006326 seconds 
========================================================================
Received Import Request.
  Time since last request: 5089.356032 seconds.
  path: Assets/Materials/Toon.shadergraph
  artifactKey: Guid(054536fc9eac3e841a197e4039f8a71c) Importer(815301076,1909f56bfc062723c751e8b465ee728b)
Start importing Assets/Materials/Toon.shadergraph using Guid(054536fc9eac3e841a197e4039f8a71c) Importer(815301076,1909f56bfc062723c751e8b465ee728b)  -> (artifact id: '6693439ccdf53a44571b3dbfde50f3a8') in 0.042657 seconds 
========================================================================
Received Import Request.
  Time since last request: 61.607096 seconds.
  path: Assets/Materials/Toon.shadergraph
  artifactKey: Guid(054536fc9eac3e841a197e4039f8a71c) Importer(815301076,1909f56bfc062723c751e8b465ee728b)
Start importing Assets/Materials/Toon.shadergraph using Guid(054536fc9eac3e841a197e4039f8a71c) Importer(815301076,1909f56bfc062723c751e8b465ee728b)  -> (artifact id: 'db4963a9c04dbae168b69926f48d1435') in 0.007180 seconds 
========================================================================
Received Import Request.
  Time since last request: 111.302528 seconds.
  path: Assets/Character/Materials
  artifactKey: Guid(372bc26255194524a8dc34a4051a3b67) Importer(815301076,1909f56bfc062723c751e8b465ee728b)
Start importing Assets/Character/Materials using Guid(372bc26255194524a8dc34a4051a3b67) Importer(815301076,1909f56bfc062723c751e8b465ee728b)  -> (artifact id: '714cdea697cba4cb51c30a59f525c354') in 0.005590 seconds 
========================================================================
Received Import Request.
  Time since last request: 3264.174890 seconds.
  path: Assets/Dice/DiceEye.png
  artifactKey: Guid(2072dcee24a269b42ab3f660bef202fc) Importer(815301076,1909f56bfc062723c751e8b465ee728b)
Start importing Assets/Dice/DiceEye.png using Guid(2072dcee24a269b42ab3f660bef202fc) Importer(815301076,1909f56bfc062723c751e8b465ee728b)  -> (artifact id: '493fda79fbd91ea0ac36c6cffb9e4ddb') in 0.057370 seconds 
========================================================================
Received Import Request.
  Time since last request: 59.693288 seconds.
  path: Assets/Dice/Dice.fbx
  artifactKey: Guid(181050d6dcd477e4a8b9673367e09444) Importer(815301076,1909f56bfc062723c751e8b465ee728b)
Start importing Assets/Dice/Dice.fbx using Guid(181050d6dcd477e4a8b9673367e09444) Importer(815301076,1909f56bfc062723c751e8b465ee728b)  -> (artifact id: '5322c98252d965d997d6d07e7edd74e0') in 0.508568 seconds 
========================================================================
Received Import Request.
  Time since last request: 27.605763 seconds.
  path: Assets/Dice/DiceEye.fbx
  artifactKey: Guid(d5e41cbae543427499ff065654aa3cd1) Importer(815301076,1909f56bfc062723c751e8b465ee728b)
Start importing Assets/Dice/DiceEye.fbx using Guid(d5e41cbae543427499ff065654aa3cd1) Importer(815301076,1909f56bfc062723c751e8b465ee728b)  -> (artifact id: 'e93f31126ecc7752b19330edca6c1a9b') in 0.026747 seconds 
========================================================================
Received Import Request.
  Time since last request: 8.416868 seconds.
  path: Assets/Dice/DiceEye_UV.png
  artifactKey: Guid(2082ba46805bb3e4cac90c6c8f44cb88) Importer(815301076,1909f56bfc062723c751e8b465ee728b)
Start importing Assets/Dice/DiceEye_UV.png using Guid(2082ba46805bb3e4cac90c6c8f44cb88) Importer(815301076,1909f56bfc062723c751e8b465ee728b)  -> (artifact id: 'b732c01d4afe5f3b38cb28078a459e53') in 0.013656 seconds 
========================================================================
Received Import Request.
  Time since last request: 5237.279337 seconds.
  path: Assets/Materials/Toon 1.shadergraph
  artifactKey: Guid(57f4ecb31d5e3e64ea522d4c731bf8de) Importer(815301076,1909f56bfc062723c751e8b465ee728b)
Start importing Assets/Materials/Toon 1.shadergraph using Guid(57f4ecb31d5e3e64ea522d4c731bf8de) Importer(815301076,1909f56bfc062723c751e8b465ee728b)  -> (artifact id: 'fbd02b4a8078aafdeae72a45d280fd8f') in 0.018856 seconds 
========================================================================
Received Import Request.
  Time since last request: 2.744510 seconds.
  path: Assets/Materials/ToonWater.shadergraph
  artifactKey: Guid(57f4ecb31d5e3e64ea522d4c731bf8de) Importer(815301076,1909f56bfc062723c751e8b465ee728b)
Start importing Assets/Materials/ToonWater.shadergraph using Guid(57f4ecb31d5e3e64ea522d4c731bf8de) Importer(815301076,1909f56bfc062723c751e8b465ee728b)  -> (artifact id: '416b09859820fdd0b94288422761b727') in 0.008150 seconds 
========================================================================
Received Import Request.
  Time since last request: 163.474540 seconds.
  path: Assets/Materials/ToonWater.shadergraph
  artifactKey: Guid(57f4ecb31d5e3e64ea522d4c731bf8de) Importer(815301076,1909f56bfc062723c751e8b465ee728b)
Start importing Assets/Materials/ToonWater.shadergraph using Guid(57f4ecb31d5e3e64ea522d4c731bf8de) Importer(815301076,1909f56bfc062723c751e8b465ee728b)  -> (artifact id: '5b1ffcc41a92f7345960ae889fa2848d') in 0.004036 seconds 
========================================================================
Received Prepare
Registering precompiled user dll's ...
Registered in 0.099450 seconds.
Begin MonoManager ReloadAssembly
Native extension for WindowsStandalone target not found
Refreshing native plugins compatible for Editor in 0.60 ms, found 2 plugins.
Preloading 0 native plugins for Editor in 0.00 ms.
Mono: successfully reloaded assembly
- Completed reload, in  1.597 seconds
Domain Reload Profiling:
	ReloadAssembly (1598ms)
		BeginReloadAssembly (278ms)
			ExecutionOrderSort (0ms)
			DisableScriptedObjects (19ms)
			BackupInstance (0ms)
			ReleaseScriptingObjects (0ms)
			CreateAndSetChildDomain (121ms)
		EndReloadAssembly (1233ms)
			LoadAssemblies (145ms)
			RebuildTransferFunctionScriptingTraits (0ms)
			SetupTypeCache (410ms)
			ReleaseScriptCaches (1ms)
			RebuildScriptCaches (61ms)
			SetupLoadedEditorAssemblies (413ms)
				LogAssemblyErrors (0ms)
				InitializePlatformSupportModulesInManaged (6ms)
				SetLoadedEditorAssemblies (1ms)
				RefreshPlugins (1ms)
				BeforeProcessingInitializeOnLoad (129ms)
				ProcessInitializeOnLoadAttributes (249ms)
				ProcessInitializeOnLoadMethodAttributes (16ms)
				AfterProcessingInitializeOnLoad (10ms)
				EditorAssembliesLoaded (0ms)
			ExecutionOrderSort2 (0ms)
			AwakeInstancesAfterBackupRestoration (17ms)
Platform modules already initialized, skipping
Refreshing native plugins compatible for Editor in 0.56 ms, found 2 plugins.
Preloading 0 native plugins for Editor in 0.00 ms.
Unloading 2709 Unused Serialized files (Serialized files now loaded: 0)
System memory in use before: 126.3 MB.
System memory in use after: 126.6 MB.

Unloading 12 unused Assets to reduce memory usage. Loaded Objects now: 3341.
Total: 3.556500 ms (FindLiveObjects: 0.280800 ms CreateObjectMapping: 0.112800 ms MarkObjects: 3.141400 ms  DeleteObjects: 0.020400 ms)

AssetImportParameters requested are different than current active one (requested -> active):
  custom:framework-win-MediaFoundation: 216162199b28c13a410421893ffa2e32 -> 
  custom:video-decoder-ogg-theora: a1e56fd34408186e4bbccfd4996cb3dc -> 
  custom:container-muxer-webm: aa71ff27fc2769a1b78a27578f13a17b -> 
  custom:container-demuxer-webm: 4f35f7cbe854078d1ac9338744f61a02 -> 
  custom:container-demuxer-ogg: 62fdf1f143b41e24485cea50d1cbac27 -> 
  custom:video-encoder-webm-vp8: eb34c28f22e8b96e1ab97ce403110664 -> 
  custom:video-codec-MediaFoundation-h265: 746d11721c4dcdbdad8f713fa42b33f4 -> 
  custom:video-decoder-webm-vp8: 9c59270c3fd7afecdb556c50c9e8de78 -> 
  custom:audio-decoder-ogg-vorbis: bf7c407c2cedff20999df2af8eb42d56 -> 
  custom:audio-encoder-webm-vorbis: bf7c407c2cedff20999df2af8eb42d56 -> 
========================================================================
Received Import Request.
  Time since last request: 1557.013101 seconds.
  path: Assets/Environment/Block_Earth.fbx
  artifactKey: Guid(b3d2f281f708d9c439f5b0f27e131245) Importer(815301076,1909f56bfc062723c751e8b465ee728b)
Start importing Assets/Environment/Block_Earth.fbx using Guid(b3d2f281f708d9c439f5b0f27e131245) Importer(815301076,1909f56bfc062723c751e8b465ee728b)  -> (artifact id: '8c336411f069820e363de09ab77aa390') in 0.315081 seconds 
========================================================================
Received Prepare
Registering precompiled user dll's ...
Registered in 0.005421 seconds.
Begin MonoManager ReloadAssembly
Native extension for WindowsStandalone target not found
Refreshing native plugins compatible for Editor in 0.56 ms, found 2 plugins.
Preloading 0 native plugins for Editor in 0.00 ms.
Mono: successfully reloaded assembly
- Completed reload, in  1.186 seconds
Domain Reload Profiling:
	ReloadAssembly (1187ms)
		BeginReloadAssembly (141ms)
			ExecutionOrderSort (0ms)
			DisableScriptedObjects (7ms)
			BackupInstance (0ms)
			ReleaseScriptingObjects (0ms)
			CreateAndSetChildDomain (44ms)
		EndReloadAssembly (977ms)
			LoadAssemblies (125ms)
			RebuildTransferFunctionScriptingTraits (0ms)
			SetupTypeCache (328ms)
			ReleaseScriptCaches (1ms)
			RebuildScriptCaches (48ms)
			SetupLoadedEditorAssemblies (337ms)
				LogAssemblyErrors (0ms)
				InitializePlatformSupportModulesInManaged (5ms)
				SetLoadedEditorAssemblies (0ms)
				RefreshPlugins (1ms)
				BeforeProcessingInitializeOnLoad (103ms)
				ProcessInitializeOnLoadAttributes (209ms)
				ProcessInitializeOnLoadMethodAttributes (14ms)
				AfterProcessingInitializeOnLoad (6ms)
				EditorAssembliesLoaded (0ms)
			ExecutionOrderSort2 (0ms)
			AwakeInstancesAfterBackupRestoration (12ms)
Platform modules already initialized, skipping
Refreshing native plugins compatible for Editor in 0.58 ms, found 2 plugins.
Preloading 0 native plugins for Editor in 0.00 ms.
Unloading 2709 Unused Serialized files (Serialized files now loaded: 0)
System memory in use before: 126.6 MB.
System memory in use after: 126.8 MB.

Unloading 12 unused Assets to reduce memory usage. Loaded Objects now: 3380.
Total: 3.542700 ms (FindLiveObjects: 0.305700 ms CreateObjectMapping: 0.271700 ms MarkObjects: 2.942700 ms  DeleteObjects: 0.021600 ms)

AssetImportParameters requested are different than current active one (requested -> active):
  custom:framework-win-MediaFoundation: 216162199b28c13a410421893ffa2e32 -> 
  custom:video-decoder-ogg-theora: a1e56fd34408186e4bbccfd4996cb3dc -> 
  custom:container-muxer-webm: aa71ff27fc2769a1b78a27578f13a17b -> 
  custom:container-demuxer-webm: 4f35f7cbe854078d1ac9338744f61a02 -> 
  custom:container-demuxer-ogg: 62fdf1f143b41e24485cea50d1cbac27 -> 
  custom:video-encoder-webm-vp8: eb34c28f22e8b96e1ab97ce403110664 -> 
  custom:video-codec-MediaFoundation-h265: 746d11721c4dcdbdad8f713fa42b33f4 -> 
  custom:video-decoder-webm-vp8: 9c59270c3fd7afecdb556c50c9e8de78 -> 
  custom:audio-decoder-ogg-vorbis: bf7c407c2cedff20999df2af8eb42d56 -> 
  custom:audio-encoder-webm-vorbis: bf7c407c2cedff20999df2af8eb42d56 -> 
AssetImportWorkerClient::OnTransportError - code=2 error=End of file
